<?xml version="1.0" encoding="UTF-8"?>
<testng-results ignored="0" total="4" passed="4" failed="0" skipped="0">
  <reporter-output>
  </reporter-output>
  <suite started-at="2021-08-18T14:04:41 PDT" name="Default suite" finished-at="2021-08-18T14:05:17 PDT" duration-ms="36227">
    <groups>
    </groups>
    <test started-at="2021-08-18T14:04:41 PDT" name="Default test" finished-at="2021-08-18T14:05:17 PDT" duration-ms="36227">
      <class name="TestCases.orangeHRmTest">
        <test-method is-config="true" signature="bsuite()[pri:0, instance:TestCases.orangeHRmTest@4c37b5b]" started-at="2021-08-18T14:04:41 PDT" name="bsuite" finished-at="2021-08-18T14:04:41 PDT" duration-ms="101" status="PASS">
          <reporter-output>
          </reporter-output>
        </test-method> <!-- bsuite -->
        <test-method is-config="true" signature="Launch(java.lang.reflect.Method)[pri:0, instance:TestCases.orangeHRmTest@4c37b5b]" started-at="2021-08-18T14:04:41 PDT" name="Launch" finished-at="2021-08-18T14:04:45 PDT" duration-ms="3356" status="PASS">
          <params>
            <param index="0">
              <value>
                <![CDATA[public void TestCases.orangeHRmTest.login()]]>
              </value>
            </param>
          </params>
          <reporter-output>
          </reporter-output>
        </test-method> <!-- Launch -->
        <test-method signature="login()[pri:0, instance:TestCases.orangeHRmTest@4c37b5b]" started-at="2021-08-18T14:04:45 PDT" name="login" finished-at="2021-08-18T14:04:47 PDT" duration-ms="2229" status="PASS">
          <reporter-output>
          </reporter-output>
        </test-method> <!-- login -->
        <test-method is-config="true" signature="aMethod()[pri:0, instance:TestCases.orangeHRmTest@4c37b5b]" started-at="2021-08-18T14:04:47 PDT" name="aMethod" finished-at="2021-08-18T14:04:47 PDT" duration-ms="660" status="PASS">
          <reporter-output>
          </reporter-output>
        </test-method> <!-- aMethod -->
        <test-method is-config="true" signature="Launch(java.lang.reflect.Method)[pri:0, instance:TestCases.orangeHRmTest@4c37b5b]" started-at="2021-08-18T14:04:47 PDT" name="Launch" finished-at="2021-08-18T14:04:50 PDT" duration-ms="3023" status="PASS">
          <params>
            <param index="0">
              <value>
                <![CDATA[public void TestCases.orangeHRmTest.MyinfoTest() throws java.lang.InterruptedException]]>
              </value>
            </param>
          </params>
          <reporter-output>
          </reporter-output>
        </test-method> <!-- Launch -->
        <test-method signature="MyinfoTest()[pri:1, instance:TestCases.orangeHRmTest@4c37b5b]" started-at="2021-08-18T14:04:50 PDT" name="MyinfoTest" finished-at="2021-08-18T14:05:01 PDT" duration-ms="10254" status="PASS">
          <reporter-output>
          </reporter-output>
        </test-method> <!-- MyinfoTest -->
        <test-method is-config="true" signature="aMethod()[pri:0, instance:TestCases.orangeHRmTest@4c37b5b]" started-at="2021-08-18T14:05:01 PDT" name="aMethod" finished-at="2021-08-18T14:05:01 PDT" duration-ms="655" status="PASS">
          <reporter-output>
          </reporter-output>
        </test-method> <!-- aMethod -->
        <test-method is-config="true" signature="Launch(java.lang.reflect.Method)[pri:0, instance:TestCases.orangeHRmTest@4c37b5b]" started-at="2021-08-18T14:05:01 PDT" name="Launch" finished-at="2021-08-18T14:05:04 PDT" duration-ms="3004" status="PASS">
          <params>
            <param index="0">
              <value>
                <![CDATA[public void TestCases.orangeHRmTest.RecruitmentTest()]]>
              </value>
            </param>
          </params>
          <reporter-output>
          </reporter-output>
        </test-method> <!-- Launch -->
        <test-method signature="RecruitmentTest()[pri:2, instance:TestCases.orangeHRmTest@4c37b5b]" started-at="2021-08-18T14:05:04 PDT" name="RecruitmentTest" finished-at="2021-08-18T14:05:08 PDT" duration-ms="3940" status="PASS">
          <reporter-output>
          </reporter-output>
        </test-method> <!-- RecruitmentTest -->
        <test-method is-config="true" signature="aMethod()[pri:0, instance:TestCases.orangeHRmTest@4c37b5b]" started-at="2021-08-18T14:05:08 PDT" name="aMethod" finished-at="2021-08-18T14:05:09 PDT" duration-ms="643" status="PASS">
          <reporter-output>
          </reporter-output>
        </test-method> <!-- aMethod -->
        <test-method is-config="true" signature="Launch(java.lang.reflect.Method)[pri:0, instance:TestCases.orangeHRmTest@4c37b5b]" started-at="2021-08-18T14:05:09 PDT" name="Launch" finished-at="2021-08-18T14:05:12 PDT" duration-ms="2997" status="PASS">
          <params>
            <param index="0">
              <value>
                <![CDATA[public void TestCases.orangeHRmTest.addCandidateTest()]]>
              </value>
            </param>
          </params>
          <reporter-output>
          </reporter-output>
        </test-method> <!-- Launch -->
        <test-method signature="addCandidateTest()[pri:3, instance:TestCases.orangeHRmTest@4c37b5b]" started-at="2021-08-18T14:05:12 PDT" name="addCandidateTest" finished-at="2021-08-18T14:05:17 PDT" duration-ms="4758" status="PASS">
          <reporter-output>
          </reporter-output>
        </test-method> <!-- addCandidateTest -->
        <test-method is-config="true" signature="aMethod()[pri:0, instance:TestCases.orangeHRmTest@4c37b5b]" started-at="2021-08-18T14:05:17 PDT" name="aMethod" finished-at="2021-08-18T14:05:17 PDT" duration-ms="671" status="PASS">
          <reporter-output>
          </reporter-output>
        </test-method> <!-- aMethod -->
        <test-method is-config="true" signature="amethod()[pri:0, instance:TestCases.orangeHRmTest@4c37b5b]" started-at="2021-08-18T14:05:17 PDT" name="amethod" finished-at="2021-08-18T14:05:18 PDT" duration-ms="152" status="PASS">
          <reporter-output>
          </reporter-output>
        </test-method> <!-- amethod -->
      </class> <!-- TestCases.orangeHRmTest -->
    </test> <!-- Default test -->
  </suite> <!-- Default suite -->
</testng-results>
