<?xml version="1.0" encoding="UTF-8"?>
<!-- Generated by org.testng.reporters.JUnitXMLReporter -->
<testsuite ignored="0" hostname="LAPTOP-7ETDT645" failures="0" tests="4" name="Default test" time="36.227" errors="0" timestamp="2021-08-18T14:05:17 PDT">
  <testcase classname="TestCases.orangeHRmTest" name="login" time="2.229"/>
  <testcase classname="TestCases.orangeHRmTest" name="MyinfoTest" time="10.254"/>
  <testcase classname="TestCases.orangeHRmTest" name="RecruitmentTest" time="3.94"/>
  <testcase classname="TestCases.orangeHRmTest" name="addCandidateTest" time="4.758"/>
</testsuite> <!-- Default test -->
